            --------------------------------------------------------
                             AMBER SQM VERSION 14
 
                                     By
              Ross C. Walker, Michael F. Crowley, Scott Brozell,
                         Tim Giese, Andreas W. Goetz,
                        Tai-Sung Lee and David A. Case
 
            --------------------------------------------------------
 

--------------------------------------------------------------------------------
  QM CALCULATION INFO
--------------------------------------------------------------------------------

| QMMM: Citation for AMBER QMMM Run:
| QMMM: R.C. Walker, M.F. Crowley and D.A. Case, J. COMP. CHEM. 29:1019, 2008

QMMM: SINGLET STATE CALCULATION
QMMM: RHF CALCULATION, NO. OF DOUBLY OCCUPIED LEVELS =  7

| QMMM: *** Selected Hamiltonian *** 
| QMMM: AM1         

| QMMM: *** Parameter sets in use ***
| QMMM: C : M.J.S.DEWAR et al. JACS, 107, 3902, (1985)
| QMMM: O : M.J.S.DEWAR et al. JACS, 107, 3902, (1985)
| QMMM: H : M.J.S.DEWAR et al. JACS, 107, 3902, (1985)

| QMMM: *** SCF convergence criteria ***
| QMMM: Energy change                :  0.1D-09 kcal/mol
| QMMM: Error matrix |FP-PF|         :  0.1D+00 au
| QMMM: Density matrix change        :  0.5D-06
| QMMM: Maximum number of SCF cycles :     1000

| QMMM: *** Diagonalization Routine Information ***
| QMMM: Pseudo diagonalizations are allowed.
| QMMM: Auto diagonalization routine selection is in use.
| QMMM:
| QMMM: Timing diagonalization routines:
| QMMM:                              norbs =       12
| QMMM:    diag iterations used for timing =       20
| QMMM:
| QMMM:              Internal diag routine = 0.000488 seconds
| QMMM:                 Dspev diag routine = 0.000922 seconds
| QMMM:                Dspevd diag routine = 0.000906 seconds
| QMMM:                Dspevx diag routine = 0.002644 seconds
| QMMM:                 Dsyev diag routine = 0.000927 seconds
| QMMM:                Dsyevd diag routine = 0.000947 seconds
| QMMM:                Dsyevr diag routine = 0.000983 seconds
| QMMM:
| QMMM:                Pseudo diag routine = 0.000102 seconds
| QMMM:
| QMMM: Using internal diagonalization routine (diag_routine=1).

  QMMM: QM Region Cartesian Coordinates (*=link atom) 
  QMMM: QM_NO.   MM_NO.  ATOM         X         Y         Z
  QMMM:     1        1      C       -0.1800    1.4740    0.0110
  QMMM:     2        2      O        1.2460    1.5330   -0.0380
  QMMM:     3        3      H        1.6040    0.9670    0.6700
  QMMM:     4        4      H       -0.6010    2.1030   -0.7770
  QMMM:     5        5      H       -0.5310    1.8310    0.9830
  QMMM:     6        6      H       -0.5120    0.4430   -0.1360

--------------------------------------------------------------------------------
  RESULTS
--------------------------------------------------------------------------------

      iter         sqm energy              rms gradient
      ----    -------------------    -----------------------
xmin    10      -57.0667 kcal/mol        0.0096 kcal/(mol*A)
xmin    20      -57.0667 kcal/mol        0.0008 kcal/(mol*A)
xmin    20      -57.0667 kcal/mol        0.0003 kcal/(mol*A)
  ... geometry converged !
 
 Final MO eigenvalues (eV):
 -37.8408  -26.9821  -18.2797  -15.4479  -15.2888  -12.4947  -11.1351    3.7779
   4.0893    4.2299    4.5222    6.2444

 Heat of formation   =        -57.06667744 kcal/mol  (       -2.47459683 eV)

 Total SCF energy    =     -11622.87974578 kcal/mol  (     -504.00588638 eV)
 Electronic energy   =     -24674.96970798 kcal/mol  (    -1069.98697836 eV)
 Core-core repulsion =      13052.08996220 kcal/mol  (      565.98109198 eV)
 
    Atomic Charges for Step       1 :
  Atom    Element       Mulliken Charge
     1      C                 -0.073
     2      O                 -0.326
     3      H                  0.195
     4      H                  0.098
     5      H                  0.053
     6      H                  0.053
 Total Mulliken Charge =      -0.000
 
                  X        Y        Z     TOTAL  
  QM DIPOLE    -0.964   -0.819    1.015    1.621
 
 Final Structure

  QMMM: QM Region Cartesian Coordinates (*=link atom) 
  QMMM: QM_NO.   MM_NO.  ATOM         X         Y         Z
  QMMM:     1        1      C       -0.1747    1.4615    0.0275
  QMMM:     2        2      O        1.2312    1.5391   -0.0533
  QMMM:     3        3      H        1.5877    0.9823    0.6485
  QMMM:     4        4      H       -0.5513    2.1167   -0.7978
  QMMM:     5        5      H       -0.5401    1.8405    1.0146
  QMMM:     6        6      H       -0.5268    0.4109   -0.1265

           --------- Calculation Completed ----------

