            --------------------------------------------------------
                             AMBER SQM VERSION 14
 
                                     By
              Ross C. Walker, Michael F. Crowley, Scott Brozell,
                         Tim Giese, Andreas W. Goetz,
                        Tai-Sung Lee and David A. Case
 
            --------------------------------------------------------
 

--------------------------------------------------------------------------------
  QM CALCULATION INFO
--------------------------------------------------------------------------------

| QMMM: Citation for AMBER QMMM Run:
| QMMM: R.C. Walker, M.F. Crowley and D.A. Case, J. COMP. CHEM. 29:1019, 2008

QMMM: SINGLET STATE CALCULATION
QMMM: RHF CALCULATION, NO. OF DOUBLY OCCUPIED LEVELS =  4

| QMMM: *** Selected Hamiltonian *** 
| QMMM: AM1         

| QMMM: *** Parameter sets in use ***
| QMMM: N : M.J.S.DEWAR et al. JACS, 107, 3902, (1985)
| QMMM: H : M.J.S.DEWAR et al. JACS, 107, 3902, (1985)

| QMMM: *** SCF convergence criteria ***
| QMMM: Energy change                :  0.1D-09 kcal/mol
| QMMM: Error matrix |FP-PF|         :  0.1D+00 au
| QMMM: Density matrix change        :  0.5D-06
| QMMM: Maximum number of SCF cycles :     1000

| QMMM: *** Diagonalization Routine Information ***
| QMMM: Pseudo diagonalizations are allowed.
| QMMM: Auto diagonalization routine selection is in use.
| QMMM:
| QMMM: Timing diagonalization routines:
| QMMM:                              norbs =        7
| QMMM:    diag iterations used for timing =       20
| QMMM:
| QMMM:              Internal diag routine = 0.000148 seconds
| QMMM:                 Dspev diag routine = 0.000366 seconds
| QMMM:                Dspevd diag routine = 0.000338 seconds
| QMMM:                Dspevx diag routine = 0.000926 seconds
| QMMM:                 Dsyev diag routine = 0.000359 seconds
| QMMM:                Dsyevd diag routine = 0.000385 seconds
| QMMM:                Dsyevr diag routine = 0.000505 seconds
| QMMM:
| QMMM:                Pseudo diag routine = 0.000027 seconds
| QMMM:
| QMMM: Using internal diagonalization routine (diag_routine=1).

  QMMM: QM Region Cartesian Coordinates (*=link atom) 
  QMMM: QM_NO.   MM_NO.  ATOM         X         Y         Z
  QMMM:     1        1      N       -0.1580   -0.1970    0.1280
  QMMM:     2        2      H        0.1560    0.5170    0.7820
  QMMM:     3        3      H        0.6740   -0.6000   -0.2980
  QMMM:     4        4      H       -0.6720    0.2790   -0.6110

--------------------------------------------------------------------------------
  RESULTS
--------------------------------------------------------------------------------

  ... geometry converged !
 
 Final MO eigenvalues (eV):
 -32.6880  -15.9014  -15.9014  -10.4184    4.2228    6.1678    6.1678

 Heat of formation   =         -7.29251288 kcal/mol  (       -0.31622709 eV)

 Total SCF energy    =      -5732.76248335 kcal/mol  (     -248.59123556 eV)
 Electronic energy   =     -10024.63648983 kcal/mol  (     -434.70085815 eV)
 Core-core repulsion =       4291.87400648 kcal/mol  (      186.10962259 eV)
 
    Atomic Charges for Step       1 :
  Atom    Element       Mulliken Charge
     1      N                 -0.396
     2      H                  0.132
     3      H                  0.132
     4      H                  0.132
 Total Mulliken Charge =      -0.000
 
                  X        Y        Z     TOTAL  
  QM DIPOLE     1.033    1.284   -0.832    1.847
 
 Final Structure

  QMMM: QM Region Cartesian Coordinates (*=link atom) 
  QMMM: QM_NO.   MM_NO.  ATOM         X         Y         Z
  QMMM:     1        1      N       -0.1423   -0.1770    0.1148
  QMMM:     2        2      H        0.1435    0.5108    0.7789
  QMMM:     3        3      H        0.6679   -0.6007   -0.2851
  QMMM:     4        4      H       -0.6691    0.2660   -0.6076

           --------- Calculation Completed ----------

