
 -----------------------------------------------
      Restrained ESP Fit 2.3  Amber 4.1
 -----------------------------------------------
 Resp charges for organic molecule                                               
 -----------------------------------------------


 inopt       =     0   ioutopt     =     1
 nmol        =     1   iqopt       =     2
 ihfree      =     1   irstrnt     =     1
 iunits      =     0   qwt         =   0.00100000
 wtmol(1) =     1.000000
 subtitle:

Resp charges for organic molecule                                               
ich =   0  iuniq =   7
    1    5  -99
    2    8  -99
    3    8  -99
    4    8  -99
    5    1  -99
    6    1  -99
    7    1  -99
 new q0 values to be read   7

  ----------------------------------------------------------------------------
     ATOM                       COORDINATES                         CHARGE
                       X             Y                Z
  ----------------------------------------------------------------------------
  ----------------------------------------------------------------------------


 Charge on the molecule(ich) =    0
 Total number of atoms (iuniq)     =    7
 Weight factor on initial charge restraints(qwt)=     0.10000D-02


  there are  1 charge constraints:


     1       1
     2       1
     3       1
     4       1
     5       1
     6       1
     7       1

 Reading esp"s for molecule   1
 total number of atoms      =     7
 total number of esp points =  8532


 center     X       Y       Z 
    1   0.1472988E-01  -0.6099174E-01  -0.4777886E-04
    2  -0.2064271E+01  -0.1605689E+01   0.5388986E-04
    3   0.2315026E+01  -0.1220249E+01  -0.2352306E-04
    4  -0.5002390E-01   0.2548657E+01  -0.4839613E-04
    5  -0.3670544E+01  -0.7674838E+00  -0.2599936E-03
    6   0.3683553E+01  -0.2612930E-01   0.2685835E-03
    7  -0.1692508E+01   0.3316820E+01   0.3745391E-03
 Initial ssvpot =     3.790


 Number of unique UNfrozen centers=    0
 ALL charges are frozen!!!

 Non-linear optimization requested.
 qchnge =    0.2157563157    
 qchnge =     0.000000000    
 qchnge =     0.000000000    

 Convergence in    2 iterations


Resp charges for organic molecule                                               

          Point Charges Before & After Optimization

    no.  At.no.    q(init)       q(opt)     ivary    d(rstr)/dq
    1   5       0.792650       0.792650    -99       0.001252
    2   8      -0.640042      -0.640042    -99       0.001544
    3   8      -0.640042      -0.640042    -99       0.001544
    4   8      -0.640042      -0.640042    -99       0.001544
    5   1       0.375825       0.375825    -99       0.000000
    6   1       0.375825       0.375825    -99       0.000000
    7   1       0.375825       0.375825    -99       0.000000

 Sum over the calculated charges:     -0.000

        Statistics of the fitting:
  The initial sum of squares (ssvpot)                      3.790
  The residual sum of squares (chipot)                     0.058
  The std err of estimate (sqrt(chipot/N))               0.00260
  ESP relative RMS (SQRT(chipot/ssvpot))                 0.12354

 Center of Mass (Angst.):

 X  =   0.00000      Y  =   0.00000      Z  =   0.00000

 Dipole (Debye):

 X  =  -1.90124      Y  =   2.73852      Z  =   0.00030

 Dipole Moment (Debye)=   3.33380

 Quadrupole (Debye*Angst.):

 Qxx =  16.89706     QYY = -13.29384     QZZ =  -3.60322
 Qxy =  -8.92858     QXZ =  -3.60082     QYZ =  -3.60057
