            --------------------------------------------------------
                             AMBER SQM VERSION 14
 
                                     By
              Ross C. Walker, Michael F. Crowley, Scott Brozell,
                         Tim Giese, Andreas W. Goetz,
                        Tai-Sung Lee and David A. Case
 
            --------------------------------------------------------
 

--------------------------------------------------------------------------------
  QM CALCULATION INFO
--------------------------------------------------------------------------------

| QMMM: Citation for AMBER QMMM Run:
| QMMM: R.C. Walker, M.F. Crowley and D.A. Case, J. COMP. CHEM. 29:1019, 2008

QMMM: SINGLET STATE CALCULATION
QMMM: RHF CALCULATION, NO. OF DOUBLY OCCUPIED LEVELS = 15

| QMMM: *** Selected Hamiltonian *** 
| QMMM: AM1         

| QMMM: *** Parameter sets in use ***
| QMMM: H : M.J.S.DEWAR et al. JACS, 107, 3902, (1985)
| QMMM: C : M.J.S.DEWAR et al. JACS, 107, 3902, (1985)

| QMMM: *** SCF convergence criteria ***
| QMMM: Energy change                :  0.1D-09 kcal/mol
| QMMM: Error matrix |FP-PF|         :  0.1D+00 au
| QMMM: Density matrix change        :  0.5D-06
| QMMM: Maximum number of SCF cycles :     1000

| QMMM: *** Diagonalization Routine Information ***
| QMMM: Pseudo diagonalizations are allowed.
| QMMM: Auto diagonalization routine selection is in use.
| QMMM:
| QMMM: Timing diagonalization routines:
| QMMM:                              norbs =       30
| QMMM:    diag iterations used for timing =       20
| QMMM:
| QMMM:              Internal diag routine = 0.003312 seconds
| QMMM:                 Dspev diag routine = 0.005790 seconds
| QMMM:                Dspevd diag routine = 0.005438 seconds
| QMMM:                Dspevx diag routine = 0.015477 seconds
| QMMM:                 Dsyev diag routine = 0.005838 seconds
| QMMM:                Dsyevd diag routine = 0.005542 seconds
| QMMM:                Dsyevr diag routine = 0.004786 seconds
| QMMM:
| QMMM:                Pseudo diag routine = 0.001073 seconds
| QMMM:
| QMMM: Using internal diagonalization routine (diag_routine=1).

  QMMM: QM Region Cartesian Coordinates (*=link atom) 
  QMMM: QM_NO.   MM_NO.  ATOM         X         Y         Z
  QMMM:     1        1      H        1.0950   -2.6650    0.0830
  QMMM:     2        2      C        0.5800   -1.7080    0.0470
  QMMM:     3        3      C       -0.8130   -1.6640    0.0800
  QMMM:     4        4      H       -1.3850   -2.5870    0.1430
  QMMM:     5        5      C       -1.4730   -0.4370    0.0340
  QMMM:     6        6      H       -2.5600   -0.4030    0.0600
  QMMM:     7        7      C       -0.7400    0.7460   -0.0470
  QMMM:     8        8      H       -1.2550    1.7030   -0.0830
  QMMM:     9        9      C        0.6530    0.7020   -0.0800
  QMMM:    10       10      H        1.2240    1.6250   -0.1430
  QMMM:    11       11      C        1.3130   -0.5250   -0.0340
  QMMM:    12       12      H        2.3990   -0.5590   -0.0600

--------------------------------------------------------------------------------
  RESULTS
--------------------------------------------------------------------------------

  ... geometry converged !
 
 Final MO eigenvalues (eV):
 -39.1465  -31.3700  -31.3700  -23.0602  -23.0602  -17.8556  -16.1226  -15.4003
 -14.1607  -14.1607  -13.3812  -11.8881  -11.8881   -9.6529   -9.6529    0.5547
   0.5547    2.9778    4.0360    4.0360    4.0476    4.1928    4.5985    4.5985
   5.1230    5.1230    5.6120    5.6120    5.7290    6.1333

 Heat of formation   =         21.93322329 kcal/mol  (        0.95109593 eV)

 Total SCF energy    =     -19609.69494759 kcal/mol  (     -850.34018245 eV)
 Electronic energy   =     -75026.87590088 kcal/mol  (    -3253.40947491 eV)
 Core-core repulsion =      55417.18095329 kcal/mol  (     2403.06929245 eV)
 
    Atomic Charges for Step       1 :
  Atom    Element       Mulliken Charge
     1      H                  0.130
     2      C                 -0.130
     3      C                 -0.130
     4      H                  0.130
     5      C                 -0.130
     6      H                  0.130
     7      C                 -0.130
     8      H                  0.130
     9      C                 -0.130
    10      H                  0.130
    11      C                 -0.130
    12      H                  0.130
 Total Mulliken Charge =      -0.000
 
                  X        Y        Z     TOTAL  
  QM DIPOLE     0.000   -0.000    0.000    0.000
 
 Final Structure

  QMMM: QM Region Cartesian Coordinates (*=link atom) 
  QMMM: QM_NO.   MM_NO.  ATOM         X         Y         Z
  QMMM:     1        1      H        1.1011   -2.6767    0.0834
  QMMM:     2        2      C        0.5804   -1.7088    0.0467
  QMMM:     3        3      C       -0.8135   -1.6650    0.0804
  QMMM:     4        4      H       -1.3916   -2.5983    0.1438
  QMMM:     5        5      C       -1.4741   -0.4372    0.0337
  QMMM:     6        6      H       -2.5729   -0.4026    0.0604
  QMMM:     7        7      C       -0.7408    0.7468   -0.0467
  QMMM:     8        8      H       -1.2615    1.7147   -0.0835
  QMMM:     9        9      C        0.6532    0.7030   -0.0804
  QMMM:    10       10      H        1.2313    1.6363   -0.1438
  QMMM:    11       11      C        1.3138   -0.5248   -0.0337
  QMMM:    12       12      H        2.4126   -0.5594   -0.0603

           --------- Calculation Completed ----------

