            --------------------------------------------------------
                             AMBER SQM VERSION 14
 
                                     By
              Ross C. Walker, Michael F. Crowley, Scott Brozell,
                         Tim Giese, Andreas W. Goetz,
                        Tai-Sung Lee and David A. Case
 
            --------------------------------------------------------
 

--------------------------------------------------------------------------------
  QM CALCULATION INFO
--------------------------------------------------------------------------------

| QMMM: Citation for AMBER QMMM Run:
| QMMM: R.C. Walker, M.F. Crowley and D.A. Case, J. COMP. CHEM. 29:1019, 2008

QMMM: SINGLET STATE CALCULATION
QMMM: RHF CALCULATION, NO. OF DOUBLY OCCUPIED LEVELS = 13

| QMMM: *** Selected Hamiltonian *** 
| QMMM: AM1         

| QMMM: *** Parameter sets in use ***
| QMMM: H : M.J.S.DEWAR et al. JACS, 107, 3902, (1985)
| QMMM: C : M.J.S.DEWAR et al. JACS, 107, 3902, (1985)
| QMMM: O : M.J.S.DEWAR et al. JACS, 107, 3902, (1985)

| QMMM: *** SCF convergence criteria ***
| QMMM: Energy change                :  0.1D-09 kcal/mol
| QMMM: Error matrix |FP-PF|         :  0.1D+00 au
| QMMM: Density matrix change        :  0.5D-06
| QMMM: Maximum number of SCF cycles :     1000

| QMMM: *** Diagonalization Routine Information ***
| QMMM: Pseudo diagonalizations are allowed.
| QMMM: Auto diagonalization routine selection is in use.
| QMMM:
| QMMM: Timing diagonalization routines:
| QMMM:                              norbs =       24
| QMMM:    diag iterations used for timing =       20
| QMMM:
| QMMM:              Internal diag routine = 0.001984 seconds
| QMMM:                 Dspev diag routine = 0.003702 seconds
| QMMM:                Dspevd diag routine = 0.003750 seconds
| QMMM:                Dspevx diag routine = 0.009936 seconds
| QMMM:                 Dsyev diag routine = 0.003677 seconds
| QMMM:                Dsyevd diag routine = 0.003809 seconds
| QMMM:                Dsyevr diag routine = 0.003308 seconds
| QMMM:
| QMMM:                Pseudo diag routine = 0.000565 seconds
| QMMM:
| QMMM: Using internal diagonalization routine (diag_routine=1).

  QMMM: QM Region Cartesian Coordinates (*=link atom) 
  QMMM: QM_NO.   MM_NO.  ATOM         X         Y         Z
  QMMM:     1        1      H        2.4100    0.4460    0.2790
  QMMM:     2        2      C        1.5340    0.0440   -0.2340
  QMMM:     3        3      H        1.5810    0.3450   -1.2830
  QMMM:     4        4      H        1.5810   -1.0460   -0.1840
  QMMM:     5        5      C        0.2410    0.5600    0.4270
  QMMM:     6        6      H        0.2270    0.2490    1.4750
  QMMM:     7        7      O        0.2230    1.9870    0.3630
  QMMM:     8        8      H       -0.5820    2.3080    0.8110
  QMMM:     9        9      C       -1.0080    0.0040   -0.2830
  QMMM:    10       10      H       -1.0290    0.3100   -1.3320
  QMMM:    11       11      H       -1.0180   -1.0880   -0.2410
  QMMM:    12       12      H       -1.9170    0.3700    0.2000

--------------------------------------------------------------------------------
  RESULTS
--------------------------------------------------------------------------------

      iter         sqm energy              rms gradient
      ----    -------------------    -----------------------
xmin    10      -68.1127 kcal/mol        0.1943 kcal/(mol*A)
xmin    20      -68.1209 kcal/mol        0.1125 kcal/(mol*A)
xmin    30      -68.1223 kcal/mol        0.0998 kcal/(mol*A)
xmin    40      -68.1229 kcal/mol        0.0179 kcal/(mol*A)
xmin    50      -68.1230 kcal/mol        0.0194 kcal/(mol*A)
xmin    60      -68.1231 kcal/mol        0.0186 kcal/(mol*A)
xmin    70      -68.1231 kcal/mol        0.0077 kcal/(mol*A)
xmin    80      -68.1231 kcal/mol        0.0036 kcal/(mol*A)
xmin    90      -68.1231 kcal/mol        0.0006 kcal/(mol*A)
  ... geometry converged !
 
 Final MO eigenvalues (eV):
 -38.6026  -32.6306  -28.0377  -21.9384  -18.1134  -15.9598  -15.5781  -13.5511
 -13.1237  -13.0380  -12.6052  -11.9517  -10.8942    3.4929    3.7735    3.9701
   4.0989    4.4404    4.6408    4.7408    4.9208    5.0298    5.0850    6.3513


 Heat of formation   =        -68.12308686 kcal/mol  (       -2.95403872 eV)

 Total SCF energy    =     -18807.64221826 kcal/mol  (     -815.56056625 eV)
 Electronic energy   =     -61535.32587849 kcal/mol  (    -2668.37196472 eV)
 Core-core repulsion =      42727.68366023 kcal/mol  (     1852.81139847 eV)
 
    Atomic Charges for Step       1 :
  Atom    Element       Mulliken Charge
     1      H                  0.089
     2      C                 -0.209
     3      H                  0.086
     4      H                  0.077
     5      C                  0.028
     6      H                  0.068
     7      O                 -0.329
     8      H                  0.196
     9      C                 -0.250
    10      H                  0.088
    11      H                  0.084
    12      H                  0.072
 Total Mulliken Charge =      -0.000
 
                  X        Y        Z     TOTAL  
  QM DIPOLE    -1.101   -1.134    0.334    1.616
 
 Final Structure

  QMMM: QM Region Cartesian Coordinates (*=link atom) 
  QMMM: QM_NO.   MM_NO.  ATOM         X         Y         Z
  QMMM:     1        1      H        2.3984    0.5068    0.2807
  QMMM:     2        2      C        1.5127    0.0563   -0.2271
  QMMM:     3        3      H        1.5330    0.3542   -1.3022
  QMMM:     4        4      H        1.5693   -1.0548   -0.1521
  QMMM:     5        5      C        0.2349    0.5449    0.4304
  QMMM:     6        6      H        0.2185    0.2260    1.5128
  QMMM:     7        7      O        0.2737    1.9680    0.3780
  QMMM:     8        8      H       -0.5747    2.2826    0.7100
  QMMM:     9        9      C       -0.9961    0.0042   -0.2738
  QMMM:    10       10      H       -1.0272    0.3652   -1.3296
  QMMM:    11       11      H       -0.9762   -1.1110   -0.2743
  QMMM:    12       12      H       -1.9234    0.3466    0.2450

           --------- Calculation Completed ----------

