            --------------------------------------------------------
                             AMBER SQM VERSION 14
 
                                     By
              Ross C. Walker, Michael F. Crowley, Scott Brozell,
                         Tim Giese, Andreas W. Goetz,
                        Tai-Sung Lee and David A. Case
 
            --------------------------------------------------------
 

--------------------------------------------------------------------------------
  QM CALCULATION INFO
--------------------------------------------------------------------------------

| QMMM: Citation for AMBER QMMM Run:
| QMMM: R.C. Walker, M.F. Crowley and D.A. Case, J. COMP. CHEM. 29:1019, 2008

QMMM: SINGLET STATE CALCULATION
QMMM: RHF CALCULATION, NO. OF DOUBLY OCCUPIED LEVELS = 18

| QMMM: *** Selected Hamiltonian *** 
| QMMM: AM1         

| QMMM: *** Parameter sets in use ***
| QMMM: H : M.J.S.DEWAR et al. JACS, 107, 3902, (1985)
| QMMM: C : M.J.S.DEWAR et al. JACS, 107, 3902, (1985)
| QMMM: O : M.J.S.DEWAR et al. JACS, 107, 3902, (1985)

| QMMM: *** SCF convergence criteria ***
| QMMM: Energy change                :  0.1D-09 kcal/mol
| QMMM: Error matrix |FP-PF|         :  0.1D+00 au
| QMMM: Density matrix change        :  0.5D-06
| QMMM: Maximum number of SCF cycles :     1000

| QMMM: *** Diagonalization Routine Information ***
| QMMM: Pseudo diagonalizations are allowed.
| QMMM: Auto diagonalization routine selection is in use.
| QMMM:
| QMMM: Timing diagonalization routines:
| QMMM:                              norbs =       34
| QMMM:    diag iterations used for timing =       20
| QMMM:
| QMMM:              Internal diag routine = 0.004388 seconds
| QMMM:                 Dspev diag routine = 0.007757 seconds
| QMMM:                Dspevd diag routine = 0.006760 seconds
| QMMM:                Dspevx diag routine = 0.020090 seconds
| QMMM:                 Dsyev diag routine = 0.008390 seconds
| QMMM:                Dsyevd diag routine = 0.008493 seconds
| QMMM:                Dsyevr diag routine = 0.007624 seconds
| QMMM:
| QMMM:                Pseudo diag routine = 0.001447 seconds
| QMMM:
| QMMM: Using internal diagonalization routine (diag_routine=1).

  QMMM: QM Region Cartesian Coordinates (*=link atom) 
  QMMM: QM_NO.   MM_NO.  ATOM         X         Y         Z
  QMMM:     1        1      H        1.4980    0.1660    2.0740
  QMMM:     2        2      C        0.9550    0.0920    1.1350
  QMMM:     3        3      C        1.6530    0.0100   -0.0690
  QMMM:     4        4      H        2.7410    0.0200   -0.0690
  QMMM:     5        5      C        0.9570   -0.0850   -1.2730
  QMMM:     6        6      H        1.5000   -0.1490   -2.2120
  QMMM:     7        7      C       -0.4370   -0.0980   -1.2730
  QMMM:     8        8      H       -0.9780   -0.1720   -2.2140
  QMMM:     9        9      C       -1.1360   -0.0150   -0.0690
  QMMM:    10       10      C       -0.4390    0.0800    1.1350
  QMMM:    11       11      H       -0.9780    0.1440    2.0780
  QMMM:    12       12      O       -2.4990   -0.0280   -0.0760
  QMMM:    13       13      H       -2.8370    0.0360    0.8350

--------------------------------------------------------------------------------
  RESULTS
--------------------------------------------------------------------------------

      iter         sqm energy              rms gradient
      ----    -------------------    -----------------------
xmin    10      -22.3622 kcal/mol        0.0266 kcal/(mol*A)
xmin    20      -22.3623 kcal/mol        0.0062 kcal/(mol*A)
xmin    30      -22.3623 kcal/mol        0.0015 kcal/(mol*A)
  ... geometry converged !
 
 Final MO eigenvalues (eV):
 -40.1401  -37.3840  -31.6215  -30.2571  -23.6832  -23.0036  -18.9986  -17.4248
 -16.5458  -15.0469  -15.0335  -14.4060  -14.2722  -12.6448  -12.5056  -11.9406
  -9.8508   -9.1145    0.3977    0.5080    2.8395    3.0257    3.8005    3.8349
   4.0820    4.3064    4.4232    4.7203    5.0368    5.2200    5.4189    5.6119
   5.8360    6.3191

 Heat of formation   =        -22.36229318 kcal/mol  (       -0.96970180 eV)

 Total SCF energy    =     -27003.12049479 kcal/mol  (    -1170.94317223 eV)
 Electronic energy   =    -102762.71892248 kcal/mol  (    -4456.12588016 eV)
 Core-core repulsion =      75759.59842770 kcal/mol  (     3285.18270794 eV)
 
    Atomic Charges for Step       1 :
  Atom    Element       Mulliken Charge
     1      H                  0.132
     2      C                 -0.092
     3      C                 -0.166
     4      H                  0.133
     5      C                 -0.097
     6      H                  0.134
     7      C                 -0.157
     8      H                  0.150
     9      C                  0.078
    10      C                 -0.213
    11      H                  0.133
    12      O                 -0.253
    13      H                  0.217
 Total Mulliken Charge =      -0.000
 
                  X        Y        Z     TOTAL  
  QM DIPOLE     0.453    0.088    1.143    1.233
 
 Final Structure

  QMMM: QM Region Cartesian Coordinates (*=link atom) 
  QMMM: QM_NO.   MM_NO.  ATOM         X         Y         Z
  QMMM:     1        1      H        1.5194    0.1669    2.0883
  QMMM:     2        2      C        0.9639    0.0925    1.1416
  QMMM:     3        3      C        1.6534    0.0101   -0.0671
  QMMM:     4        4      H        2.7525    0.0194   -0.0749
  QMMM:     5        5      C        0.9487   -0.0844   -1.2691
  QMMM:     6        6      H        1.4958   -0.1493   -2.2216
  QMMM:     7        7      C       -0.4424   -0.0974   -1.2753
  QMMM:     8        8      H       -1.0117   -0.1712   -2.2120
  QMMM:     9        9      C       -1.1276   -0.0139   -0.0513
  QMMM:    10       10      C       -0.4296    0.0813    1.1608
  QMMM:    11       11      H       -0.9755    0.1461    2.1119
  QMMM:    12       12      O       -2.5027   -0.0311   -0.1165
  QMMM:    13       13      H       -2.8443    0.0320    0.7871

           --------- Calculation Completed ----------

